document.getElementById('age-table')
<table id=​"age-table">​…​</table>​
document.getElementsByTagName('label')
HTMLCollection(4) [label, label, label, label]
document.querySelector('td')
<td>​Age:​</td>​
document.getElementsByName('search')
NodeList(2) [form, input]
document.getElementsByTagName('input')[0]
<input type=​"text" name=​"search">​
document.querySelectorAll('input')
NodeList(9) [input, input, input, input, input, input, input, input, input]0: input1: input2: input3: input4: input5: input6: input7: input8: inputlength: 9[[Prototype]]: NodeList
input[input.length-1]
VM2376:1 Uncaught ReferenceError: input is not defined
    at <anonymous>:1:1
(anonymous) @ VM2376:1
let input = document.querySelectorAll('input')
undefined
input[input.length-1]
<input type=​"submit" value=​"Search!">​
